2025-07-01T16:47:48.167+08:00 [DEBU] core.go:129: ------------ dzhcore NewInit start
2025-07-01T16:47:48.167+08:00 [DEBU] core.go:130: IsProd:false, AppName:dzhgo, IsDesktop:true
2025-07-01T16:47:48.167+08:00 [INFO] core.go:135: 开发环境
2025-07-01T16:47:48.167+08:00 [DEBU] core.go:137: dzhcore version:v1.2.1
2025-07-01T16:47:48.167+08:00 [DEBU] core.go:138: 当前运行模式:dev
2025-07-01T16:47:48.167+08:00 [DEBU] core.go:139: 当前实例ID:1lak437q7i0db0l6sff70cw100jpiwr5
2025-07-01T16:47:48.167+08:00 [DEBU] core.go:140: 是否redis缓存模式:false
2025-07-01T16:47:48.167+08:00 [DEBU] core.go:141: 是否DbRedisEnable缓存模式:false
2025-07-01T16:47:48.171+08:00 [DEBU] core.go:150: ------------ dzhcore NewInit end
2025-07-01T16:47:48.171+08:00 [DEBU] base.go:27: ------------ base init start ...
2025-07-01T16:47:48.171+08:00 [DEBU] base.go:28: base version:v1.2.0
2025-07-01T16:47:48.171+08:00 [DEBU] initdb.go:114: 分组 default, 模块 base 中的表 base_sys_menu, 已经初始化过,跳过本次初始化.
2025-07-01T16:47:48.172+08:00 [DEBU] initdb.go:114: 分组 default, 模块 base 中的表 base_sys_user, 已经初始化过,跳过本次初始化.
2025-07-01T16:47:48.172+08:00 [DEBU] initdb.go:114: 分组 default, 模块 base 中的表 base_sys_user_role, 已经初始化过,跳过本次初始化.
2025-07-01T16:47:48.172+08:00 [DEBU] initdb.go:114: 分组 default, 模块 base 中的表 base_sys_role, 已经初始化过,跳过本次初始化.
2025-07-01T16:47:48.172+08:00 [DEBU] initdb.go:143: model.TableName(): base_sys_role_menu,path:internal/resource/initjson/base_sys_role_menu.json
2025-07-01T16:47:48.172+08:00 [DEBU] initdb.go:146: 分组default中的表base_sys_role_menu无可用的初始化数据,跳过本次初始化. jsonData:
2025-07-01T16:47:48.172+08:00 [DEBU] initdb.go:129: 分组 default, 模块 base 中的表 base_sys_role_menu, 初始化完成 
2025-07-01T16:47:48.172+08:00 [DEBU] initdb.go:114: 分组 default, 模块 base 中的表 base_sys_department, 已经初始化过,跳过本次初始化.
2025-07-01T16:47:48.172+08:00 [DEBU] initdb.go:114: 分组 default, 模块 base 中的表 base_sys_role_department, 已经初始化过,跳过本次初始化.
2025-07-01T16:47:48.172+08:00 [DEBU] initdb.go:114: 分组 default, 模块 base 中的表 base_sys_setting, 已经初始化过,跳过本次初始化.
2025-07-01T16:47:48.173+08:00 [DEBU] initdb.go:143: model.TableName(): base_sys_addons,path:internal/resource/initjson/base_sys_addons.json
2025-07-01T16:47:48.173+08:00 [DEBU] initdb.go:146: 分组default中的表base_sys_addons无可用的初始化数据,跳过本次初始化. jsonData:
2025-07-01T16:47:48.173+08:00 [DEBU] initdb.go:129: 分组 default, 模块 base 中的表 base_sys_addons, 初始化完成 
2025-07-01T16:47:48.173+08:00 [DEBU] initdb.go:114: 分组 default, 模块 base 中的表 base_sys_addons_types, 已经初始化过,跳过本次初始化.
2025-07-01T16:47:48.173+08:00 [DEBU] base.go:41: ------------ base init end ...
2025-07-01T16:47:48.173+08:00 [DEBU] addons.go:42: InitAddons,数量： 4，分别是：dict-v1.2.0,member-v1.2.0,space-v1.2.0,task-v1.2.0
2025-07-01T16:47:48.173+08:00 [DEBU] addons.go:45: addon: dict
2025-07-01T16:47:48.173+08:00 [DEBU] dict.go:39: ------------ addon dict init start ...
2025-07-01T16:47:48.173+08:00 [DEBU] dict.go:40: dict version:v1.2.0
2025-07-01T16:47:48.173+08:00 [DEBU] initdb.go:114: 分组 default, 模块 dict 中的表 addons_dict_info, 已经初始化过,跳过本次初始化.
2025-07-01T16:47:48.173+08:00 [DEBU] initdb.go:114: 分组 default, 模块 dict 中的表 addons_dict_type, 已经初始化过,跳过本次初始化.
2025-07-01T16:47:48.173+08:00 [DEBU] initdb.go:114: 分组 default, 模块 dict 中的表 base_sys_menu, 已经初始化过,跳过本次初始化.
2025-07-01T16:47:48.173+08:00 [DEBU] dict.go:44: ------------ addon dict init end ...
2025-07-01T16:47:48.173+08:00 [DEBU] addons.go:45: addon: member
2025-07-01T16:47:48.173+08:00 [DEBU] member.go:40: ------------ addon member init start ...
2025-07-01T16:47:48.173+08:00 [DEBU] member.go:41: member version:v1.2.0
2025-07-01T16:47:48.173+08:00 [DEBU] initdb.go:114: 分组 default, 模块 member 中的表 addons_member_manage, 已经初始化过,跳过本次初始化.
2025-07-01T16:47:48.173+08:00 [DEBU] initdb.go:114: 分组 default, 模块 member 中的表 base_sys_menu, 已经初始化过,跳过本次初始化.
2025-07-01T16:47:48.173+08:00 [DEBU] member.go:45: addon member init end ...
2025-07-01T16:47:48.173+08:00 [DEBU] addons.go:45: addon: space
2025-07-01T16:47:48.173+08:00 [DEBU] space.go:34: ------------ addon space init start ...
2025-07-01T16:47:48.173+08:00 [DEBU] space.go:35: ------------ addon space init end ...
2025-07-01T16:47:48.173+08:00 [DEBU] addons.go:45: addon: task
2025-07-01T16:47:48.173+08:00 [DEBU] task.go:43: ------------ addon task init start ...
2025-07-01T16:47:48.174+08:00 [DEBU] task.go:44: task version:v1.2.0
2025-07-01T16:47:48.174+08:00 [DEBU] initdb.go:114: 分组 default, 模块 task 中的表 addons_task_info, 已经初始化过,跳过本次初始化.
2025-07-01T16:47:48.174+08:00 [DEBU] initdb.go:114: 分组 default, 模块 task 中的表 base_sys_menu, 已经初始化过,跳过本次初始化.
2025-07-01T16:47:48.175+08:00 [DEBU] task.go:60: ------------ addon task init end ...
