2025-07-01T04:01:24.907+08:00 [DEBU] local.go:58: ------------ local NewInit start
2025-07-01T04:01:24.908+08:00 [DEBU] local.go:79: ------------ local NewInit end
2025-07-01T04:01:24.908+08:00 [DEBU] {d8471d7f84ea4d187e2bec5acd6e07e3} core.go:126: ------------ dzhcore NewInit start
2025-07-01T04:01:24.908+08:00 [DEBU] {d8471d7f84ea4d187e2bec5acd6e07e3} core.go:127: IsProd:false, AppName:dzhgo, IsDesktop:true
2025-07-01T04:01:24.908+08:00 [INFO] {d8471d7f84ea4d187e2bec5acd6e07e3} core.go:132: 开发环境
2025-07-01T04:01:24.908+08:00 [INFO] {d8471d7f84ea4d187e2bec5acd6e07e3} core.go:134: dzhcore version:v1.2.1
2025-07-01T04:01:24.909+08:00 [INFO] {d8471d7f84ea4d187e2bec5acd6e07e3} core.go:135: 当前运行模式:dev
2025-07-01T04:01:24.909+08:00 [INFO] {d8471d7f84ea4d187e2bec5acd6e07e3} core.go:136: 当前实例ID:1lak4371s5fdb04w00dtjq8100122hjx
2025-07-01T04:01:24.909+08:00 [INFO] {d8471d7f84ea4d187e2bec5acd6e07e3} core.go:137: 是否redis缓存模式:false
2025-07-01T04:01:24.909+08:00 [INFO] {d8471d7f84ea4d187e2bec5acd6e07e3} core.go:138: 是否DbRedisEnable缓存模式:false
2025-07-01T04:01:24.914+08:00 [DEBU] {d8471d7f84ea4d187e2bec5acd6e07e3} core.go:147: ------------ dzhcore NewInit end
2025-07-01T04:01:24.914+08:00 [DEBU] main.go:27: ------------ base init start ...
2025-07-01T04:01:24.914+08:00 [DEBU] main.go:28: base version:v1.2.0
2025-07-01T04:01:24.914+08:00 [DEBU] initdb.go:114: 分组 default, 模块 base 中的表 base_sys_menu, 已经初始化过,跳过本次初始化.
2025-07-01T04:01:24.914+08:00 [DEBU] initdb.go:114: 分组 default, 模块 base 中的表 base_sys_user, 已经初始化过,跳过本次初始化.
2025-07-01T04:01:24.914+08:00 [DEBU] initdb.go:114: 分组 default, 模块 base 中的表 base_sys_user_role, 已经初始化过,跳过本次初始化.
2025-07-01T04:01:24.914+08:00 [DEBU] initdb.go:114: 分组 default, 模块 base 中的表 base_sys_role, 已经初始化过,跳过本次初始化.
2025-07-01T04:01:24.915+08:00 [DEBU] initdb.go:143: model.TableName(): base_sys_role_menu,path:internal/resource/initjson/base_sys_role_menu.json
2025-07-01T04:01:24.915+08:00 [DEBU] initdb.go:146: 分组default中的表base_sys_role_menu无可用的初始化数据,跳过本次初始化. jsonData:
2025-07-01T04:01:24.915+08:00 [DEBU] initdb.go:129: 分组 default, 模块 base 中的表 base_sys_role_menu, 初始化完成 
2025-07-01T04:01:24.915+08:00 [DEBU] initdb.go:114: 分组 default, 模块 base 中的表 base_sys_department, 已经初始化过,跳过本次初始化.
2025-07-01T04:01:24.915+08:00 [DEBU] initdb.go:114: 分组 default, 模块 base 中的表 base_sys_role_department, 已经初始化过,跳过本次初始化.
2025-07-01T04:01:24.915+08:00 [DEBU] initdb.go:114: 分组 default, 模块 base 中的表 base_sys_setting, 已经初始化过,跳过本次初始化.
2025-07-01T04:01:24.915+08:00 [DEBU] initdb.go:143: model.TableName(): base_sys_addons,path:internal/resource/initjson/base_sys_addons.json
2025-07-01T04:01:24.915+08:00 [DEBU] initdb.go:146: 分组default中的表base_sys_addons无可用的初始化数据,跳过本次初始化. jsonData:
2025-07-01T04:01:24.915+08:00 [DEBU] initdb.go:129: 分组 default, 模块 base 中的表 base_sys_addons, 初始化完成 
2025-07-01T04:01:24.915+08:00 [DEBU] initdb.go:114: 分组 default, 模块 base 中的表 base_sys_addons_types, 已经初始化过,跳过本次初始化.
2025-07-01T04:01:24.915+08:00 [DEBU] main.go:41: ------------ base init end ...
2025-07-01T04:01:24.915+08:00 [DEBU] {d8471d7f84ea4d187e2bec5acd6e07e3} addons.go:42: InitAddons,数量： 4，分别是：dict-v1.2.0,member-v1.2.0,space-v1.2.0,task-v1.2.0
2025-07-01T04:01:24.915+08:00 [DEBU] {d8471d7f84ea4d187e2bec5acd6e07e3} addons.go:45: addon: dict
2025-07-01T04:01:24.915+08:00 [DEBU] main.go:39: ------------ addon dict init start ...
2025-07-01T04:01:24.915+08:00 [DEBU] main.go:40: dict version:v1.2.0
2025-07-01T04:01:24.915+08:00 [DEBU] initdb.go:114: 分组 default, 模块 dict 中的表 addons_dict_info, 已经初始化过,跳过本次初始化.
2025-07-01T04:01:24.915+08:00 [DEBU] initdb.go:114: 分组 default, 模块 dict 中的表 addons_dict_type, 已经初始化过,跳过本次初始化.
2025-07-01T04:01:24.915+08:00 [DEBU] initdb.go:114: 分组 default, 模块 dict 中的表 base_sys_menu, 已经初始化过,跳过本次初始化.
2025-07-01T04:01:24.915+08:00 [DEBU] main.go:44: ------------ addon dict init end ...
2025-07-01T04:01:24.915+08:00 [DEBU] {d8471d7f84ea4d187e2bec5acd6e07e3} addons.go:45: addon: member
2025-07-01T04:01:24.915+08:00 [DEBU] main.go:40: ------------ addon member init start ...
2025-07-01T04:01:24.915+08:00 [DEBU] main.go:41: member version:v1.2.0
2025-07-01T04:01:24.915+08:00 [DEBU] initdb.go:114: 分组 default, 模块 member 中的表 addons_member_manage, 已经初始化过,跳过本次初始化.
2025-07-01T04:01:24.915+08:00 [DEBU] initdb.go:114: 分组 default, 模块 member 中的表 base_sys_menu, 已经初始化过,跳过本次初始化.
2025-07-01T04:01:24.915+08:00 [DEBU] main.go:45: addon member init end ...
2025-07-01T04:01:24.915+08:00 [DEBU] {d8471d7f84ea4d187e2bec5acd6e07e3} addons.go:45: addon: space
2025-07-01T04:01:24.915+08:00 [DEBU] main.go:34: ------------ addon space init start ...
2025-07-01T04:01:24.916+08:00 [DEBU] main.go:35: ------------ addon space init end ...
2025-07-01T04:01:24.916+08:00 [DEBU] {d8471d7f84ea4d187e2bec5acd6e07e3} addons.go:45: addon: task
2025-07-01T04:01:24.916+08:00 [DEBU] main.go:43: ------------ addon task init start ...
2025-07-01T04:01:24.916+08:00 [DEBU] main.go:44: task version:v1.2.0
2025-07-01T04:01:24.916+08:00 [DEBU] initdb.go:114: 分组 default, 模块 task 中的表 addons_task_info, 已经初始化过,跳过本次初始化.
2025-07-01T04:01:24.916+08:00 [DEBU] initdb.go:114: 分组 default, 模块 task 中的表 base_sys_menu, 已经初始化过,跳过本次初始化.
2025-07-01T04:01:24.918+08:00 [DEBU] main.go:60: ------------ addon task init end ...
2025-07-01T04:04:14.315+08:00 [DEBU] tool.go:230: -------StdOutLog logPath:./data/logs/run/
2025-07-01T04:04:15.372+08:00 [DEBU] base_sys_login.go:93: 验证码 1lak4371s5fdb04y6bl5lsg200ur8rjd 2203
2025-07-01T04:04:15.372+08:00 [DEBU] tool.go:230: -------StdOutLog logPath:./data/logs/run/
2025-07-01T04:05:27.783+08:00 [DEBU] tool.go:230: -------StdOutLog logPath:./data/logs/run/
2025-07-01T04:05:27.789+08:00 [DEBU] tool.go:230: -------StdOutLog logPath:./data/logs/run/
2025-07-01T04:05:27.794+08:00 [DEBU] tool.go:230: -------StdOutLog logPath:./data/logs/run/
2025-07-01T04:05:27.799+08:00 [DEBU] tool.go:230: -------StdOutLog logPath:./data/logs/run/
2025-07-01T04:05:27.803+08:00 [DEBU] tool.go:230: -------StdOutLog logPath:./data/logs/run/
2025-07-01T04:05:27.816+08:00 [DEBU] tool.go:230: -------StdOutLog logPath:./data/logs/run/
2025-07-01T04:05:27.820+08:00 [DEBU] tool.go:230: -------StdOutLog logPath:./data/logs/run/
2025-07-01T04:05:27.821+08:00 [DEBU] tool.go:230: -------StdOutLog logPath:./data/logs/run/
2025-07-01T04:05:28.083+08:00 [DEBU] tool.go:230: -------StdOutLog logPath:./data/logs/run/
2025-07-01T04:05:28.085+08:00 [DEBU] tool.go:230: -------StdOutLog logPath:./data/logs/run/
2025-07-01T04:05:30.776+08:00 [DEBU] tool.go:230: -------StdOutLog logPath:./data/logs/run/
2025-07-01T04:05:30.777+08:00 [DEBU] tool.go:230: -------StdOutLog logPath:./data/logs/run/
2025-07-01T04:05:30.779+08:00 [DEBU] tool.go:230: -------StdOutLog logPath:./data/logs/run/
2025-07-01T04:05:30.780+08:00 [DEBU] tool.go:230: -------StdOutLog logPath:./data/logs/run/
2025-07-01T04:05:34.698+08:00 [DEBU] tool.go:230: -------StdOutLog logPath:./data/logs/run/
2025-07-01T04:05:34.702+08:00 [DEBU] tool.go:230: -------StdOutLog logPath:./data/logs/run/
2025-07-01T04:05:37.592+08:00 [DEBU] tool.go:230: -------StdOutLog logPath:./data/logs/run/
2025-07-01T04:05:37.598+08:00 [DEBU] tool.go:230: -------StdOutLog logPath:./data/logs/run/
2025-07-01T04:05:37.616+08:00 [DEBU] base_sys_login.go:93: 验证码 1lak4371s5fdb04z83qzcfs300pm2pjt 6339
2025-07-01T04:05:37.616+08:00 [DEBU] tool.go:230: -------StdOutLog logPath:./data/logs/run/
2025-07-01T04:06:18.926+08:00 [DEBU] tool.go:230: -------StdOutLog logPath:./data/logs/run/
2025-07-01T04:06:19.775+08:00 [DEBU] base_sys_login.go:93: 验证码 1lak4371s5fdb04zrgze2u8400rann2p 3490
2025-07-01T04:06:19.775+08:00 [DEBU] tool.go:230: -------StdOutLog logPath:./data/logs/run/
2025-07-01T04:07:40.484+08:00 [DEBU] tool.go:230: -------StdOutLog logPath:./data/logs/run/
2025-07-01T04:07:43.072+08:00 [DEBU] base_sys_login.go:93: 验证码 1lak4371s5fdb050tqki9uo500u0yo8s 4228
2025-07-01T04:07:43.073+08:00 [DEBU] tool.go:230: -------StdOutLog logPath:./data/logs/run/
